{"C:\\Users\\Ecatom\\Desktop\\Curso_Node\\task-app\\src\\app.js": {"path":"C:\\Users\\Ecatom\\Desktop\\Curso_Node\\task-app\\src\\app.js","statementMap":{"0":{"start":{"line":1,"column":16},"end":{"line":1,"column":34}},"1":{"start":{"line":2,"column":0},"end":{"line":2,"column":28}},"2":{"start":{"line":3,"column":19},"end":{"line":3,"column":44}},"3":{"start":{"line":4,"column":19},"end":{"line":4,"column":44}},"4":{"start":{"line":7,"column":12},"end":{"line":7,"column":21}},"5":{"start":{"line":20,"column":0},"end":{"line":20,"column":24}},"6":{"start":{"line":23,"column":0},"end":{"line":23,"column":20}},"7":{"start":{"line":26,"column":0},"end":{"line":26,"column":20}},"8":{"start":{"line":28,"column":0},"end":{"line":28,"column":21}}},"fnMap":{},"branchMap":{},"s":{"0":2,"1":2,"2":2,"3":2,"4":2,"5":2,"6":2,"7":2,"8":2},"f":{},"b":{},"_coverageSchema":"1a1c01bbd47fc00a2c39e90264f33305004495a9","hash":"ad4733478f6480dd0ea16cbd030f9af6de9b7c65"}
,"C:\\Users\\Ecatom\\Desktop\\Curso_Node\\task-app\\src\\db\\mongoose.js": {"path":"C:\\Users\\Ecatom\\Desktop\\Curso_Node\\task-app\\src\\db\\mongoose.js","statementMap":{"0":{"start":{"line":1,"column":17},"end":{"line":1,"column":36}},"1":{"start":{"line":3,"column":0},"end":{"line":8,"column":3}}},"fnMap":{},"branchMap":{},"s":{"0":2,"1":2},"f":{},"b":{},"_coverageSchema":"1a1c01bbd47fc00a2c39e90264f33305004495a9","hash":"7ebacb8e1fafcd7c54dc07966fcc7971d65a815c"}
,"C:\\Users\\Ecatom\\Desktop\\Curso_Node\\task-app\\src\\emails\\account.js": {"path":"C:\\Users\\Ecatom\\Desktop\\Curso_Node\\task-app\\src\\emails\\account.js","statementMap":{"0":{"start":{"line":1,"column":15},"end":{"line":1,"column":40}},"1":{"start":{"line":3,"column":0},"end":{"line":3,"column":46}},"2":{"start":{"line":5,"column":25},"end":{"line":14,"column":1}},"3":{"start":{"line":6,"column":4},"end":{"line":12,"column":6}},"4":{"start":{"line":16,"column":29},"end":{"line":25,"column":1}},"5":{"start":{"line":17,"column":4},"end":{"line":24,"column":6}},"6":{"start":{"line":27,"column":0},"end":{"line":30,"column":1}}},"fnMap":{"0":{"name":"(anonymous_0)","decl":{"start":{"line":5,"column":25},"end":{"line":5,"column":26}},"loc":{"start":{"line":5,"column":41},"end":{"line":14,"column":1}},"line":5},"1":{"name":"(anonymous_1)","decl":{"start":{"line":16,"column":29},"end":{"line":16,"column":30}},"loc":{"start":{"line":16,"column":45},"end":{"line":25,"column":1}},"line":16}},"branchMap":{},"s":{"0":2,"1":2,"2":2,"3":1,"4":2,"5":1,"6":2},"f":{"0":1,"1":1},"b":{},"_coverageSchema":"1a1c01bbd47fc00a2c39e90264f33305004495a9","hash":"f118874daf0e663f386a15fd37f84d02a7c67493"}
,"C:\\Users\\Ecatom\\Desktop\\Curso_Node\\task-app\\src\\middleware\\auth.js": {"path":"C:\\Users\\Ecatom\\Desktop\\Curso_Node\\task-app\\src\\middleware\\auth.js","statementMap":{"0":{"start":{"line":1,"column":12},"end":{"line":1,"column":35}},"1":{"start":{"line":2,"column":13},"end":{"line":2,"column":38}},"2":{"start":{"line":5,"column":13},"end":{"line":22,"column":1}},"3":{"start":{"line":6,"column":4},"end":{"line":21,"column":5}},"4":{"start":{"line":7,"column":22},"end":{"line":7,"column":73}},"5":{"start":{"line":8,"column":24},"end":{"line":8,"column":66}},"6":{"start":{"line":9,"column":21},"end":{"line":9,"column":85}},"7":{"start":{"line":11,"column":8},"end":{"line":13,"column":9}},"8":{"start":{"line":12,"column":12},"end":{"line":12,"column":30}},"9":{"start":{"line":16,"column":8},"end":{"line":16,"column":24}},"10":{"start":{"line":17,"column":8},"end":{"line":17,"column":26}},"11":{"start":{"line":18,"column":8},"end":{"line":18,"column":15}},"12":{"start":{"line":20,"column":8},"end":{"line":20,"column":62}},"13":{"start":{"line":24,"column":0},"end":{"line":24,"column":22}}},"fnMap":{"0":{"name":"(anonymous_0)","decl":{"start":{"line":5,"column":13},"end":{"line":5,"column":14}},"loc":{"start":{"line":5,"column":38},"end":{"line":22,"column":1}},"line":5}},"branchMap":{"0":{"loc":{"start":{"line":11,"column":8},"end":{"line":13,"column":9}},"type":"if","locations":[{"start":{"line":11,"column":8},"end":{"line":13,"column":9}},{"start":{"line":11,"column":8},"end":{"line":13,"column":9}}],"line":11}},"s":{"0":2,"1":2,"2":2,"3":12,"4":12,"5":9,"6":9,"7":9,"8":0,"9":9,"10":9,"11":9,"12":3,"13":2},"f":{"0":12},"b":{"0":[0,9]},"_coverageSchema":"1a1c01bbd47fc00a2c39e90264f33305004495a9","hash":"48de2ee61ae36f6e96abb30c8e79edbe6943b994"}
,"C:\\Users\\Ecatom\\Desktop\\Curso_Node\\task-app\\src\\models\\task.js": {"path":"C:\\Users\\Ecatom\\Desktop\\Curso_Node\\task-app\\src\\models\\task.js","statementMap":{"0":{"start":{"line":1,"column":17},"end":{"line":1,"column":36}},"1":{"start":{"line":7,"column":19},"end":{"line":25,"column":2}},"2":{"start":{"line":27,"column":13},"end":{"line":27,"column":48}},"3":{"start":{"line":29,"column":0},"end":{"line":29,"column":22}}},"fnMap":{},"branchMap":{},"s":{"0":2,"1":2,"2":2,"3":2},"f":{},"b":{},"_coverageSchema":"1a1c01bbd47fc00a2c39e90264f33305004495a9","hash":"c55ce8cb7b0a5fd0372ff2754d0c984de1b24c0a"}
,"C:\\Users\\Ecatom\\Desktop\\Curso_Node\\task-app\\src\\models\\user.js": {"path":"C:\\Users\\Ecatom\\Desktop\\Curso_Node\\task-app\\src\\models\\user.js","statementMap":{"0":{"start":{"line":1,"column":17},"end":{"line":1,"column":36}},"1":{"start":{"line":2,"column":18},"end":{"line":2,"column":38}},"2":{"start":{"line":3,"column":15},"end":{"line":3,"column":34}},"3":{"start":{"line":4,"column":12},"end":{"line":4,"column":35}},"4":{"start":{"line":5,"column":13},"end":{"line":5,"column":30}},"5":{"start":{"line":8,"column":19},"end":{"line":58,"column":2}},"6":{"start":{"line":22,"column":12},"end":{"line":24,"column":13}},"7":{"start":{"line":23,"column":16},"end":{"line":23,"column":52}},"8":{"start":{"line":31,"column":12},"end":{"line":33,"column":13}},"9":{"start":{"line":32,"column":16},"end":{"line":32,"column":65}},"10":{"start":{"line":42,"column":13},"end":{"line":44,"column":14}},"11":{"start":{"line":43,"column":17},"end":{"line":43,"column":72}},"12":{"start":{"line":61,"column":4},"end":{"line":66,"column":6}},"13":{"start":{"line":74,"column":0},"end":{"line":82,"column":1}},"14":{"start":{"line":75,"column":17},"end":{"line":75,"column":21}},"15":{"start":{"line":76,"column":18},"end":{"line":76,"column":81}},"16":{"start":{"line":78,"column":4},"end":{"line":78,"column":46}},"17":{"start":{"line":79,"column":4},"end":{"line":79,"column":22}},"18":{"start":{"line":81,"column":4},"end":{"line":81,"column":17}},"19":{"start":{"line":86,"column":0},"end":{"line":96,"column":1}},"20":{"start":{"line":87,"column":17},"end":{"line":87,"column":21}},"21":{"start":{"line":88,"column":23},"end":{"line":88,"column":38}},"22":{"start":{"line":89,"column":4},"end":{"line":89,"column":31}},"23":{"start":{"line":90,"column":4},"end":{"line":90,"column":29}},"24":{"start":{"line":91,"column":4},"end":{"line":91,"column":26}},"25":{"start":{"line":92,"column":4},"end":{"line":92,"column":26}},"26":{"start":{"line":93,"column":4},"end":{"line":93,"column":29}},"27":{"start":{"line":95,"column":4},"end":{"line":95,"column":22}},"28":{"start":{"line":100,"column":0},"end":{"line":113,"column":1}},"29":{"start":{"line":102,"column":17},"end":{"line":102,"column":44}},"30":{"start":{"line":103,"column":4},"end":{"line":105,"column":5}},"31":{"start":{"line":104,"column":8},"end":{"line":104,"column":43}},"32":{"start":{"line":107,"column":20},"end":{"line":107,"column":66}},"33":{"start":{"line":108,"column":4},"end":{"line":110,"column":5}},"34":{"start":{"line":109,"column":8},"end":{"line":109,"column":43}},"35":{"start":{"line":112,"column":4},"end":{"line":112,"column":16}},"36":{"start":{"line":117,"column":0},"end":{"line":126,"column":2}},"37":{"start":{"line":118,"column":17},"end":{"line":118,"column":21}},"38":{"start":{"line":120,"column":4},"end":{"line":122,"column":5}},"39":{"start":{"line":121,"column":8},"end":{"line":121,"column":61}},"40":{"start":{"line":125,"column":4},"end":{"line":125,"column":11}},"41":{"start":{"line":129,"column":0},"end":{"line":133,"column":2}},"42":{"start":{"line":130,"column":17},"end":{"line":130,"column":21}},"43":{"start":{"line":131,"column":4},"end":{"line":131,"column":47}},"44":{"start":{"line":132,"column":4},"end":{"line":132,"column":11}},"45":{"start":{"line":136,"column":13},"end":{"line":136,"column":47}},"46":{"start":{"line":138,"column":0},"end":{"line":138,"column":22}}},"fnMap":{"0":{"name":"(anonymous_0)","decl":{"start":{"line":21,"column":8},"end":{"line":21,"column":9}},"loc":{"start":{"line":21,"column":23},"end":{"line":25,"column":9}},"line":21},"1":{"name":"(anonymous_1)","decl":{"start":{"line":30,"column":8},"end":{"line":30,"column":9}},"loc":{"start":{"line":30,"column":24},"end":{"line":34,"column":9}},"line":30},"2":{"name":"(anonymous_2)","decl":{"start":{"line":41,"column":9},"end":{"line":41,"column":10}},"loc":{"start":{"line":41,"column":24},"end":{"line":45,"column":10}},"line":41},"3":{"name":"(anonymous_3)","decl":{"start":{"line":74,"column":39},"end":{"line":74,"column":40}},"loc":{"start":{"line":74,"column":55},"end":{"line":82,"column":1}},"line":74},"4":{"name":"(anonymous_4)","decl":{"start":{"line":86,"column":28},"end":{"line":86,"column":29}},"loc":{"start":{"line":86,"column":38},"end":{"line":96,"column":1}},"line":86},"5":{"name":"(anonymous_5)","decl":{"start":{"line":100,"column":39},"end":{"line":100,"column":40}},"loc":{"start":{"line":100,"column":65},"end":{"line":113,"column":1}},"line":100},"6":{"name":"(anonymous_6)","decl":{"start":{"line":117,"column":24},"end":{"line":117,"column":25}},"loc":{"start":{"line":117,"column":44},"end":{"line":126,"column":1}},"line":117},"7":{"name":"(anonymous_7)","decl":{"start":{"line":129,"column":26},"end":{"line":129,"column":27}},"loc":{"start":{"line":129,"column":46},"end":{"line":133,"column":1}},"line":129}},"branchMap":{"0":{"loc":{"start":{"line":22,"column":12},"end":{"line":24,"column":13}},"type":"if","locations":[{"start":{"line":22,"column":12},"end":{"line":24,"column":13}},{"start":{"line":22,"column":12},"end":{"line":24,"column":13}}],"line":22},"1":{"loc":{"start":{"line":31,"column":12},"end":{"line":33,"column":13}},"type":"if","locations":[{"start":{"line":31,"column":12},"end":{"line":33,"column":13}},{"start":{"line":31,"column":12},"end":{"line":33,"column":13}}],"line":31},"2":{"loc":{"start":{"line":42,"column":13},"end":{"line":44,"column":14}},"type":"if","locations":[{"start":{"line":42,"column":13},"end":{"line":44,"column":14}},{"start":{"line":42,"column":13},"end":{"line":44,"column":14}}],"line":42},"3":{"loc":{"start":{"line":103,"column":4},"end":{"line":105,"column":5}},"type":"if","locations":[{"start":{"line":103,"column":4},"end":{"line":105,"column":5}},{"start":{"line":103,"column":4},"end":{"line":105,"column":5}}],"line":103},"4":{"loc":{"start":{"line":108,"column":4},"end":{"line":110,"column":5}},"type":"if","locations":[{"start":{"line":108,"column":4},"end":{"line":110,"column":5}},{"start":{"line":108,"column":4},"end":{"line":110,"column":5}}],"line":108},"5":{"loc":{"start":{"line":120,"column":4},"end":{"line":122,"column":5}},"type":"if","locations":[{"start":{"line":120,"column":4},"end":{"line":122,"column":5}},{"start":{"line":120,"column":4},"end":{"line":122,"column":5}}],"line":120}},"s":{"0":2,"1":2,"2":2,"3":2,"4":2,"5":2,"6":38,"7":0,"8":37,"9":0,"10":37,"11":0,"12":2,"13":2,"14":2,"15":2,"16":2,"17":2,"18":2,"19":2,"20":5,"21":5,"22":5,"23":5,"24":5,"25":5,"26":5,"27":5,"28":2,"29":3,"30":3,"31":1,"32":2,"33":2,"34":1,"35":1,"36":2,"37":37,"38":37,"39":33,"40":37,"41":2,"42":1,"43":1,"44":1,"45":2,"46":2},"f":{"0":38,"1":37,"2":37,"3":2,"4":5,"5":3,"6":37,"7":1},"b":{"0":[0,38],"1":[0,37],"2":[0,37],"3":[1,2],"4":[1,1],"5":[33,4]},"_coverageSchema":"1a1c01bbd47fc00a2c39e90264f33305004495a9","hash":"0a98842128cde0ad26859ad5105654d8532f7a76"}
,"C:\\Users\\Ecatom\\Desktop\\Curso_Node\\task-app\\src\\routers\\task.js": {"path":"C:\\Users\\Ecatom\\Desktop\\Curso_Node\\task-app\\src\\routers\\task.js","statementMap":{"0":{"start":{"line":1,"column":16},"end":{"line":1,"column":34}},"1":{"start":{"line":2,"column":13},"end":{"line":2,"column":38}},"2":{"start":{"line":3,"column":13},"end":{"line":3,"column":42}},"3":{"start":{"line":4,"column":15},"end":{"line":4,"column":35}},"4":{"start":{"line":7,"column":0},"end":{"line":25,"column":2}},"5":{"start":{"line":9,"column":17},"end":{"line":12,"column":6}},"6":{"start":{"line":14,"column":4},"end":{"line":19,"column":5}},"7":{"start":{"line":15,"column":8},"end":{"line":15,"column":26}},"8":{"start":{"line":16,"column":8},"end":{"line":16,"column":35}},"9":{"start":{"line":18,"column":8},"end":{"line":18,"column":31}},"10":{"start":{"line":38,"column":0},"end":{"line":65,"column":2}},"11":{"start":{"line":39,"column":18},"end":{"line":39,"column":20}},"12":{"start":{"line":40,"column":17},"end":{"line":40,"column":19}},"13":{"start":{"line":41,"column":4},"end":{"line":43,"column":5}},"14":{"start":{"line":42,"column":8},"end":{"line":42,"column":57}},"15":{"start":{"line":44,"column":4},"end":{"line":47,"column":5}},"16":{"start":{"line":45,"column":22},"end":{"line":45,"column":49}},"17":{"start":{"line":46,"column":8},"end":{"line":46,"column":51}},"18":{"start":{"line":50,"column":4},"end":{"line":64,"column":5}},"19":{"start":{"line":52,"column":8},"end":{"line":60,"column":26}},"20":{"start":{"line":61,"column":8},"end":{"line":61,"column":33}},"21":{"start":{"line":63,"column":8},"end":{"line":63,"column":31}},"22":{"start":{"line":68,"column":0},"end":{"line":82,"column":2}},"23":{"start":{"line":69,"column":16},"end":{"line":69,"column":29}},"24":{"start":{"line":71,"column":4},"end":{"line":81,"column":5}},"25":{"start":{"line":73,"column":21},"end":{"line":73,"column":68}},"26":{"start":{"line":75,"column":8},"end":{"line":77,"column":9}},"27":{"start":{"line":76,"column":12},"end":{"line":76,"column":42}},"28":{"start":{"line":78,"column":8},"end":{"line":78,"column":23}},"29":{"start":{"line":80,"column":8},"end":{"line":80,"column":30}},"30":{"start":{"line":85,"column":0},"end":{"line":110,"column":2}},"31":{"start":{"line":86,"column":16},"end":{"line":86,"column":29}},"32":{"start":{"line":88,"column":20},"end":{"line":88,"column":41}},"33":{"start":{"line":89,"column":27},"end":{"line":89,"column":56}},"34":{"start":{"line":90,"column":26},"end":{"line":90,"column":84}},"35":{"start":{"line":90,"column":52},"end":{"line":90,"column":83}},"36":{"start":{"line":92,"column":4},"end":{"line":94,"column":5}},"37":{"start":{"line":93,"column":8},"end":{"line":93,"column":67}},"38":{"start":{"line":96,"column":4},"end":{"line":109,"column":5}},"39":{"start":{"line":98,"column":21},"end":{"line":98,"column":69}},"40":{"start":{"line":100,"column":8},"end":{"line":102,"column":9}},"41":{"start":{"line":101,"column":12},"end":{"line":101,"column":42}},"42":{"start":{"line":103,"column":8},"end":{"line":103,"column":67}},"43":{"start":{"line":103,"column":34},"end":{"line":103,"column":65}},"44":{"start":{"line":104,"column":8},"end":{"line":104,"column":26}},"45":{"start":{"line":105,"column":8},"end":{"line":105,"column":23}},"46":{"start":{"line":108,"column":8},"end":{"line":108,"column":44}},"47":{"start":{"line":114,"column":0},"end":{"line":125,"column":2}},"48":{"start":{"line":115,"column":16},"end":{"line":115,"column":29}},"49":{"start":{"line":116,"column":4},"end":{"line":124,"column":5}},"50":{"start":{"line":117,"column":21},"end":{"line":117,"column":77}},"51":{"start":{"line":118,"column":8},"end":{"line":120,"column":9}},"52":{"start":{"line":119,"column":12},"end":{"line":119,"column":42}},"53":{"start":{"line":121,"column":8},"end":{"line":121,"column":23}},"54":{"start":{"line":123,"column":8},"end":{"line":123,"column":41}},"55":{"start":{"line":127,"column":0},"end":{"line":127,"column":24}}},"fnMap":{"0":{"name":"(anonymous_0)","decl":{"start":{"line":7,"column":30},"end":{"line":7,"column":31}},"loc":{"start":{"line":7,"column":48},"end":{"line":25,"column":1}},"line":7},"1":{"name":"(anonymous_1)","decl":{"start":{"line":38,"column":29},"end":{"line":38,"column":30}},"loc":{"start":{"line":38,"column":47},"end":{"line":65,"column":1}},"line":38},"2":{"name":"(anonymous_2)","decl":{"start":{"line":68,"column":33},"end":{"line":68,"column":34}},"loc":{"start":{"line":68,"column":51},"end":{"line":82,"column":1}},"line":68},"3":{"name":"(anonymous_3)","decl":{"start":{"line":85,"column":35},"end":{"line":85,"column":36}},"loc":{"start":{"line":85,"column":55},"end":{"line":110,"column":1}},"line":85},"4":{"name":"(anonymous_4)","decl":{"start":{"line":90,"column":40},"end":{"line":90,"column":41}},"loc":{"start":{"line":90,"column":52},"end":{"line":90,"column":83}},"line":90},"5":{"name":"(anonymous_5)","decl":{"start":{"line":103,"column":24},"end":{"line":103,"column":25}},"loc":{"start":{"line":103,"column":34},"end":{"line":103,"column":65}},"line":103},"6":{"name":"(anonymous_6)","decl":{"start":{"line":114,"column":36},"end":{"line":114,"column":37}},"loc":{"start":{"line":114,"column":55},"end":{"line":125,"column":1}},"line":114}},"branchMap":{"0":{"loc":{"start":{"line":41,"column":4},"end":{"line":43,"column":5}},"type":"if","locations":[{"start":{"line":41,"column":4},"end":{"line":43,"column":5}},{"start":{"line":41,"column":4},"end":{"line":43,"column":5}}],"line":41},"1":{"loc":{"start":{"line":44,"column":4},"end":{"line":47,"column":5}},"type":"if","locations":[{"start":{"line":44,"column":4},"end":{"line":47,"column":5}},{"start":{"line":44,"column":4},"end":{"line":47,"column":5}}],"line":44},"2":{"loc":{"start":{"line":46,"column":25},"end":{"line":46,"column":50}},"type":"cond-expr","locations":[{"start":{"line":46,"column":44},"end":{"line":46,"column":46}},{"start":{"line":46,"column":49},"end":{"line":46,"column":50}}],"line":46},"3":{"loc":{"start":{"line":75,"column":8},"end":{"line":77,"column":9}},"type":"if","locations":[{"start":{"line":75,"column":8},"end":{"line":77,"column":9}},{"start":{"line":75,"column":8},"end":{"line":77,"column":9}}],"line":75},"4":{"loc":{"start":{"line":92,"column":4},"end":{"line":94,"column":5}},"type":"if","locations":[{"start":{"line":92,"column":4},"end":{"line":94,"column":5}},{"start":{"line":92,"column":4},"end":{"line":94,"column":5}}],"line":92},"5":{"loc":{"start":{"line":100,"column":8},"end":{"line":102,"column":9}},"type":"if","locations":[{"start":{"line":100,"column":8},"end":{"line":102,"column":9}},{"start":{"line":100,"column":8},"end":{"line":102,"column":9}}],"line":100},"6":{"loc":{"start":{"line":118,"column":8},"end":{"line":120,"column":9}},"type":"if","locations":[{"start":{"line":118,"column":8},"end":{"line":120,"column":9}},{"start":{"line":118,"column":8},"end":{"line":120,"column":9}}],"line":118}},"s":{"0":2,"1":2,"2":2,"3":2,"4":2,"5":1,"6":1,"7":1,"8":1,"9":0,"10":2,"11":1,"12":1,"13":1,"14":0,"15":1,"16":0,"17":0,"18":1,"19":1,"20":1,"21":0,"22":2,"23":0,"24":0,"25":0,"26":0,"27":0,"28":0,"29":0,"30":2,"31":0,"32":0,"33":0,"34":0,"35":0,"36":0,"37":0,"38":0,"39":0,"40":0,"41":0,"42":0,"43":0,"44":0,"45":0,"46":0,"47":2,"48":1,"49":1,"50":1,"51":1,"52":1,"53":0,"54":0,"55":2},"f":{"0":1,"1":1,"2":0,"3":0,"4":0,"5":0,"6":1},"b":{"0":[0,1],"1":[0,1],"2":[0,0],"3":[0,0],"4":[0,0],"5":[0,0],"6":[1,0]},"_coverageSchema":"1a1c01bbd47fc00a2c39e90264f33305004495a9","hash":"e145d39c0831aba5b0f7eec3fad7a7306a709d3b"}
,"C:\\Users\\Ecatom\\Desktop\\Curso_Node\\task-app\\src\\routers\\user.js": {"path":"C:\\Users\\Ecatom\\Desktop\\Curso_Node\\task-app\\src\\routers\\user.js","statementMap":{"0":{"start":{"line":1,"column":16},"end":{"line":1,"column":34}},"1":{"start":{"line":2,"column":15},"end":{"line":2,"column":32}},"2":{"start":{"line":3,"column":14},"end":{"line":3,"column":30}},"3":{"start":{"line":4,"column":13},"end":{"line":4,"column":38}},"4":{"start":{"line":5,"column":13},"end":{"line":5,"column":42}},"5":{"start":{"line":6,"column":50},"end":{"line":6,"column":78}},"6":{"start":{"line":7,"column":15},"end":{"line":7,"column":35}},"7":{"start":{"line":11,"column":0},"end":{"line":22,"column":2}},"8":{"start":{"line":12,"column":17},"end":{"line":12,"column":35}},"9":{"start":{"line":13,"column":4},"end":{"line":21,"column":5}},"10":{"start":{"line":14,"column":8},"end":{"line":14,"column":26}},"11":{"start":{"line":15,"column":8},"end":{"line":15,"column":49}},"12":{"start":{"line":17,"column":22},"end":{"line":17,"column":52}},"13":{"start":{"line":18,"column":8},"end":{"line":18,"column":45}},"14":{"start":{"line":20,"column":8},"end":{"line":20,"column":36}},"15":{"start":{"line":28,"column":0},"end":{"line":30,"column":2}},"16":{"start":{"line":29,"column":2},"end":{"line":29,"column":21}},"17":{"start":{"line":33,"column":0},"end":{"line":41,"column":2}},"18":{"start":{"line":34,"column":4},"end":{"line":40,"column":5}},"19":{"start":{"line":35,"column":21},"end":{"line":35,"column":85}},"20":{"start":{"line":36,"column":22},"end":{"line":36,"column":52}},"21":{"start":{"line":37,"column":8},"end":{"line":37,"column":33}},"22":{"start":{"line":39,"column":8},"end":{"line":39,"column":31}},"23":{"start":{"line":45,"column":0},"end":{"line":54,"column":2}},"24":{"start":{"line":46,"column":4},"end":{"line":53,"column":5}},"25":{"start":{"line":48,"column":8},"end":{"line":48,"column":86}},"26":{"start":{"line":48,"column":59},"end":{"line":48,"column":84}},"27":{"start":{"line":49,"column":8},"end":{"line":49,"column":30}},"28":{"start":{"line":50,"column":8},"end":{"line":50,"column":19}},"29":{"start":{"line":52,"column":8},"end":{"line":52,"column":31}},"30":{"start":{"line":58,"column":0},"end":{"line":66,"column":2}},"31":{"start":{"line":59,"column":4},"end":{"line":65,"column":5}},"32":{"start":{"line":60,"column":8},"end":{"line":60,"column":29}},"33":{"start":{"line":61,"column":8},"end":{"line":61,"column":30}},"34":{"start":{"line":62,"column":8},"end":{"line":62,"column":19}},"35":{"start":{"line":64,"column":8},"end":{"line":64,"column":36}},"36":{"start":{"line":69,"column":0},"end":{"line":92,"column":2}},"37":{"start":{"line":73,"column":20},"end":{"line":73,"column":41}},"38":{"start":{"line":74,"column":28},"end":{"line":74,"column":67}},"39":{"start":{"line":75,"column":26},"end":{"line":75,"column":84}},"40":{"start":{"line":75,"column":50},"end":{"line":75,"column":83}},"41":{"start":{"line":77,"column":4},"end":{"line":79,"column":5}},"42":{"start":{"line":78,"column":8},"end":{"line":78,"column":66}},"43":{"start":{"line":81,"column":4},"end":{"line":91,"column":5}},"44":{"start":{"line":83,"column":21},"end":{"line":83,"column":29}},"45":{"start":{"line":84,"column":8},"end":{"line":84,"column":67}},"46":{"start":{"line":84,"column":34},"end":{"line":84,"column":65}},"47":{"start":{"line":85,"column":8},"end":{"line":85,"column":26}},"48":{"start":{"line":86,"column":8},"end":{"line":86,"column":76}},"49":{"start":{"line":90,"column":8},"end":{"line":90,"column":41}},"50":{"start":{"line":95,"column":0},"end":{"line":103,"column":2}},"51":{"start":{"line":96,"column":4},"end":{"line":102,"column":5}},"52":{"start":{"line":97,"column":8},"end":{"line":97,"column":61}},"53":{"start":{"line":98,"column":8},"end":{"line":98,"column":31}},"54":{"start":{"line":99,"column":8},"end":{"line":99,"column":71}},"55":{"start":{"line":101,"column":8},"end":{"line":101,"column":31}},"56":{"start":{"line":107,"column":15},"end":{"line":119,"column":2}},"57":{"start":{"line":114,"column":8},"end":{"line":116,"column":9}},"58":{"start":{"line":115,"column":12},"end":{"line":115,"column":62}},"59":{"start":{"line":117,"column":8},"end":{"line":117,"column":29}},"60":{"start":{"line":121,"column":0},"end":{"line":134,"column":2}},"61":{"start":{"line":126,"column":23},"end":{"line":126,"column":101}},"62":{"start":{"line":127,"column":8},"end":{"line":127,"column":33}},"63":{"start":{"line":129,"column":8},"end":{"line":129,"column":30}},"64":{"start":{"line":130,"column":8},"end":{"line":130,"column":19}},"65":{"start":{"line":133,"column":4},"end":{"line":133,"column":48}},"66":{"start":{"line":138,"column":0},"end":{"line":147,"column":2}},"67":{"start":{"line":139,"column":3},"end":{"line":145,"column":4}},"68":{"start":{"line":140,"column":8},"end":{"line":140,"column":36}},"69":{"start":{"line":141,"column":8},"end":{"line":141,"column":30}},"70":{"start":{"line":142,"column":8},"end":{"line":142,"column":18}},"71":{"start":{"line":144,"column":8},"end":{"line":144,"column":31}},"72":{"start":{"line":151,"column":0},"end":{"line":164,"column":3}},"73":{"start":{"line":152,"column":4},"end":{"line":163,"column":5}},"74":{"start":{"line":153,"column":21},"end":{"line":153,"column":63}},"75":{"start":{"line":154,"column":8},"end":{"line":156,"column":9}},"76":{"start":{"line":155,"column":12},"end":{"line":155,"column":30}},"77":{"start":{"line":158,"column":8},"end":{"line":158,"column":46}},"78":{"start":{"line":159,"column":8},"end":{"line":159,"column":30}},"79":{"start":{"line":162,"column":8},"end":{"line":162,"column":31}},"80":{"start":{"line":166,"column":0},"end":{"line":166,"column":24}}},"fnMap":{"0":{"name":"(anonymous_0)","decl":{"start":{"line":11,"column":23},"end":{"line":11,"column":24}},"loc":{"start":{"line":11,"column":42},"end":{"line":22,"column":1}},"line":11},"1":{"name":"(anonymous_1)","decl":{"start":{"line":28,"column":32},"end":{"line":28,"column":33}},"loc":{"start":{"line":28,"column":50},"end":{"line":30,"column":1}},"line":28},"2":{"name":"(anonymous_2)","decl":{"start":{"line":33,"column":29},"end":{"line":33,"column":30}},"loc":{"start":{"line":33,"column":48},"end":{"line":41,"column":1}},"line":33},"3":{"name":"(anonymous_3)","decl":{"start":{"line":45,"column":37},"end":{"line":45,"column":38}},"loc":{"start":{"line":45,"column":56},"end":{"line":54,"column":1}},"line":45},"4":{"name":"(anonymous_4)","decl":{"start":{"line":48,"column":49},"end":{"line":48,"column":50}},"loc":{"start":{"line":48,"column":59},"end":{"line":48,"column":84}},"line":48},"5":{"name":"(anonymous_5)","decl":{"start":{"line":58,"column":40},"end":{"line":58,"column":41}},"loc":{"start":{"line":58,"column":59},"end":{"line":66,"column":1}},"line":58},"6":{"name":"(anonymous_6)","decl":{"start":{"line":69,"column":33},"end":{"line":69,"column":34}},"loc":{"start":{"line":69,"column":51},"end":{"line":92,"column":1}},"line":69},"7":{"name":"(anonymous_7)","decl":{"start":{"line":75,"column":40},"end":{"line":75,"column":41}},"loc":{"start":{"line":75,"column":50},"end":{"line":75,"column":83}},"line":75},"8":{"name":"(anonymous_8)","decl":{"start":{"line":84,"column":24},"end":{"line":84,"column":25}},"loc":{"start":{"line":84,"column":34},"end":{"line":84,"column":65}},"line":84},"9":{"name":"(anonymous_9)","decl":{"start":{"line":95,"column":35},"end":{"line":95,"column":36}},"loc":{"start":{"line":95,"column":54},"end":{"line":103,"column":1}},"line":95},"10":{"name":"(anonymous_10)","decl":{"start":{"line":112,"column":4},"end":{"line":112,"column":5}},"loc":{"start":{"line":112,"column":30},"end":{"line":118,"column":5}},"line":112},"11":{"name":"(anonymous_11)","decl":{"start":{"line":121,"column":66},"end":{"line":121,"column":67}},"loc":{"start":{"line":121,"column":85},"end":{"line":131,"column":1}},"line":121},"12":{"name":"(anonymous_12)","decl":{"start":{"line":131,"column":3},"end":{"line":131,"column":4}},"loc":{"start":{"line":131,"column":30},"end":{"line":134,"column":1}},"line":131},"13":{"name":"(anonymous_13)","decl":{"start":{"line":138,"column":42},"end":{"line":138,"column":43}},"loc":{"start":{"line":138,"column":60},"end":{"line":147,"column":1}},"line":138},"14":{"name":"(anonymous_14)","decl":{"start":{"line":151,"column":35},"end":{"line":151,"column":36}},"loc":{"start":{"line":151,"column":51},"end":{"line":164,"column":1}},"line":151}},"branchMap":{"0":{"loc":{"start":{"line":77,"column":4},"end":{"line":79,"column":5}},"type":"if","locations":[{"start":{"line":77,"column":4},"end":{"line":79,"column":5}},{"start":{"line":77,"column":4},"end":{"line":79,"column":5}}],"line":77},"1":{"loc":{"start":{"line":114,"column":8},"end":{"line":116,"column":9}},"type":"if","locations":[{"start":{"line":114,"column":8},"end":{"line":116,"column":9}},{"start":{"line":114,"column":8},"end":{"line":116,"column":9}}],"line":114},"2":{"loc":{"start":{"line":154,"column":8},"end":{"line":156,"column":9}},"type":"if","locations":[{"start":{"line":154,"column":8},"end":{"line":156,"column":9}},{"start":{"line":154,"column":8},"end":{"line":156,"column":9}}],"line":154},"3":{"loc":{"start":{"line":154,"column":11},"end":{"line":154,"column":32}},"type":"binary-expr","locations":[{"start":{"line":154,"column":11},"end":{"line":154,"column":16}},{"start":{"line":154,"column":20},"end":{"line":154,"column":32}}],"line":154}},"s":{"0":2,"1":2,"2":2,"3":2,"4":2,"5":2,"6":2,"7":2,"8":1,"9":1,"10":1,"11":1,"12":1,"13":1,"14":0,"15":2,"16":1,"17":2,"18":3,"19":3,"20":1,"21":1,"22":2,"23":2,"24":0,"25":0,"26":0,"27":0,"28":0,"29":0,"30":2,"31":0,"32":0,"33":0,"34":0,"35":0,"36":2,"37":3,"38":3,"39":3,"40":4,"41":3,"42":1,"43":2,"44":2,"45":2,"46":3,"47":2,"48":1,"49":1,"50":2,"51":1,"52":1,"53":1,"54":1,"55":0,"56":2,"57":1,"58":0,"59":1,"60":2,"61":1,"62":1,"63":1,"64":1,"65":0,"66":2,"67":0,"68":0,"69":0,"70":0,"71":0,"72":2,"73":0,"74":0,"75":0,"76":0,"77":0,"78":0,"79":0,"80":2},"f":{"0":1,"1":1,"2":3,"3":0,"4":0,"5":0,"6":3,"7":4,"8":3,"9":1,"10":1,"11":1,"12":0,"13":0,"14":0},"b":{"0":[1,2],"1":[0,1],"2":[0,0],"3":[0,0]},"_coverageSchema":"1a1c01bbd47fc00a2c39e90264f33305004495a9","hash":"f7a22484d996cd0908455c3ed8b286fb0f39b8f3"}
,"C:\\Users\\Ecatom\\Desktop\\Curso_Node\\task-app\\tests\\fixtures\\db.js": {"path":"C:\\Users\\Ecatom\\Desktop\\Curso_Node\\task-app\\tests\\fixtures\\db.js","statementMap":{"0":{"start":{"line":2,"column":12},"end":{"line":2,"column":35}},"1":{"start":{"line":3,"column":17},"end":{"line":3,"column":36}},"2":{"start":{"line":4,"column":13},"end":{"line":4,"column":45}},"3":{"start":{"line":5,"column":13},"end":{"line":5,"column":45}},"4":{"start":{"line":9,"column":18},"end":{"line":9,"column":47}},"5":{"start":{"line":10,"column":16},"end":{"line":18,"column":1}},"6":{"start":{"line":20,"column":18},"end":{"line":20,"column":47}},"7":{"start":{"line":21,"column":16},"end":{"line":29,"column":1}},"8":{"start":{"line":32,"column":16},"end":{"line":37,"column":1}},"9":{"start":{"line":39,"column":16},"end":{"line":44,"column":1}},"10":{"start":{"line":46,"column":18},"end":{"line":51,"column":1}},"11":{"start":{"line":54,"column":22},"end":{"line":65,"column":1}},"12":{"start":{"line":56,"column":4},"end":{"line":56,"column":28}},"13":{"start":{"line":57,"column":4},"end":{"line":57,"column":28}},"14":{"start":{"line":60,"column":4},"end":{"line":60,"column":35}},"15":{"start":{"line":61,"column":4},"end":{"line":61,"column":35}},"16":{"start":{"line":62,"column":4},"end":{"line":62,"column":35}},"17":{"start":{"line":63,"column":4},"end":{"line":63,"column":35}},"18":{"start":{"line":64,"column":4},"end":{"line":64,"column":37}},"19":{"start":{"line":67,"column":0},"end":{"line":76,"column":1}}},"fnMap":{"0":{"name":"(anonymous_0)","decl":{"start":{"line":54,"column":22},"end":{"line":54,"column":23}},"loc":{"start":{"line":54,"column":32},"end":{"line":65,"column":1}},"line":54}},"branchMap":{},"s":{"0":2,"1":2,"2":2,"3":2,"4":2,"5":2,"6":2,"7":2,"8":2,"9":2,"10":2,"11":2,"12":16,"13":16,"14":16,"15":16,"16":16,"17":16,"18":16,"19":2},"f":{"0":16},"b":{},"_coverageSchema":"1a1c01bbd47fc00a2c39e90264f33305004495a9","hash":"8435f097b3ae132cb93ad6475f3e33806070597c"}
}
