TN:
SF:src\app.js
FNF:0
FNH:0
DA:1,2
DA:2,2
DA:3,2
DA:4,2
DA:7,2
DA:20,2
DA:23,2
DA:26,2
DA:28,2
LF:9
LH:9
BRF:0
BRH:0
end_of_record
TN:
SF:src\db\mongoose.js
FNF:0
FNH:0
DA:1,2
DA:3,2
LF:2
LH:2
BRF:0
BRH:0
end_of_record
TN:
SF:src\emails\account.js
FN:5,(anonymous_0)
FN:16,(anonymous_1)
FNF:2
FNH:2
FNDA:1,(anonymous_0)
FNDA:1,(anonymous_1)
DA:1,2
DA:3,2
DA:5,2
DA:6,1
DA:16,2
DA:17,1
DA:27,2
LF:7
LH:7
BRF:0
BRH:0
end_of_record
TN:
SF:src\middleware\auth.js
FN:5,(anonymous_0)
FNF:1
FNH:1
FNDA:12,(anonymous_0)
DA:1,2
DA:2,2
DA:5,2
DA:6,12
DA:7,12
DA:8,9
DA:9,9
DA:11,9
DA:12,0
DA:16,9
DA:17,9
DA:18,9
DA:20,3
DA:24,2
LF:14
LH:13
BRDA:11,0,0,0
BRDA:11,0,1,9
BRF:2
BRH:1
end_of_record
TN:
SF:src\models\task.js
FNF:0
FNH:0
DA:1,2
DA:7,2
DA:27,2
DA:29,2
LF:4
LH:4
BRF:0
BRH:0
end_of_record
TN:
SF:src\models\user.js
FN:21,(anonymous_0)
FN:30,(anonymous_1)
FN:41,(anonymous_2)
FN:74,(anonymous_3)
FN:86,(anonymous_4)
FN:100,(anonymous_5)
FN:117,(anonymous_6)
FN:129,(anonymous_7)
FNF:8
FNH:8
FNDA:38,(anonymous_0)
FNDA:37,(anonymous_1)
FNDA:37,(anonymous_2)
FNDA:2,(anonymous_3)
FNDA:5,(anonymous_4)
FNDA:3,(anonymous_5)
FNDA:37,(anonymous_6)
FNDA:1,(anonymous_7)
DA:1,2
DA:2,2
DA:3,2
DA:4,2
DA:5,2
DA:8,2
DA:22,38
DA:23,0
DA:31,37
DA:32,0
DA:42,37
DA:43,0
DA:61,2
DA:74,2
DA:75,2
DA:76,2
DA:78,2
DA:79,2
DA:81,2
DA:86,2
DA:87,5
DA:88,5
DA:89,5
DA:90,5
DA:91,5
DA:92,5
DA:93,5
DA:95,5
DA:100,2
DA:102,3
DA:103,3
DA:104,1
DA:107,2
DA:108,2
DA:109,1
DA:112,1
DA:117,2
DA:118,37
DA:120,37
DA:121,33
DA:125,37
DA:129,2
DA:130,1
DA:131,1
DA:132,1
DA:136,2
DA:138,2
LF:47
LH:44
BRDA:22,0,0,0
BRDA:22,0,1,38
BRDA:31,1,0,0
BRDA:31,1,1,37
BRDA:42,2,0,0
BRDA:42,2,1,37
BRDA:103,3,0,1
BRDA:103,3,1,2
BRDA:108,4,0,1
BRDA:108,4,1,1
BRDA:120,5,0,33
BRDA:120,5,1,4
BRF:12
BRH:9
end_of_record
TN:
SF:src\routers\task.js
FN:7,(anonymous_0)
FN:38,(anonymous_1)
FN:68,(anonymous_2)
FN:85,(anonymous_3)
FN:90,(anonymous_4)
FN:103,(anonymous_5)
FN:114,(anonymous_6)
FNF:7
FNH:3
FNDA:1,(anonymous_0)
FNDA:1,(anonymous_1)
FNDA:0,(anonymous_2)
FNDA:0,(anonymous_3)
FNDA:0,(anonymous_4)
FNDA:0,(anonymous_5)
FNDA:1,(anonymous_6)
DA:1,2
DA:2,2
DA:3,2
DA:4,2
DA:7,2
DA:9,1
DA:14,1
DA:15,1
DA:16,1
DA:18,0
DA:38,2
DA:39,1
DA:40,1
DA:41,1
DA:42,0
DA:44,1
DA:45,0
DA:46,0
DA:50,1
DA:52,1
DA:61,1
DA:63,0
DA:68,2
DA:69,0
DA:71,0
DA:73,0
DA:75,0
DA:76,0
DA:78,0
DA:80,0
DA:85,2
DA:86,0
DA:88,0
DA:89,0
DA:90,0
DA:92,0
DA:93,0
DA:96,0
DA:98,0
DA:100,0
DA:101,0
DA:103,0
DA:104,0
DA:105,0
DA:108,0
DA:114,2
DA:115,1
DA:116,1
DA:117,1
DA:118,1
DA:119,1
DA:121,0
DA:123,0
DA:127,2
LF:54
LH:26
BRDA:41,0,0,0
BRDA:41,0,1,1
BRDA:44,1,0,0
BRDA:44,1,1,1
BRDA:46,2,0,0
BRDA:46,2,1,0
BRDA:75,3,0,0
BRDA:75,3,1,0
BRDA:92,4,0,0
BRDA:92,4,1,0
BRDA:100,5,0,0
BRDA:100,5,1,0
BRDA:118,6,0,1
BRDA:118,6,1,0
BRF:14
BRH:3
end_of_record
TN:
SF:src\routers\user.js
FN:11,(anonymous_0)
FN:28,(anonymous_1)
FN:33,(anonymous_2)
FN:45,(anonymous_3)
FN:48,(anonymous_4)
FN:58,(anonymous_5)
FN:69,(anonymous_6)
FN:75,(anonymous_7)
FN:84,(anonymous_8)
FN:95,(anonymous_9)
FN:112,(anonymous_10)
FN:121,(anonymous_11)
FN:131,(anonymous_12)
FN:138,(anonymous_13)
FN:151,(anonymous_14)
FNF:15
FNH:9
FNDA:1,(anonymous_0)
FNDA:1,(anonymous_1)
FNDA:3,(anonymous_2)
FNDA:0,(anonymous_3)
FNDA:0,(anonymous_4)
FNDA:0,(anonymous_5)
FNDA:3,(anonymous_6)
FNDA:4,(anonymous_7)
FNDA:3,(anonymous_8)
FNDA:1,(anonymous_9)
FNDA:1,(anonymous_10)
FNDA:1,(anonymous_11)
FNDA:0,(anonymous_12)
FNDA:0,(anonymous_13)
FNDA:0,(anonymous_14)
DA:1,2
DA:2,2
DA:3,2
DA:4,2
DA:5,2
DA:6,2
DA:7,2
DA:11,2
DA:12,1
DA:13,1
DA:14,1
DA:15,1
DA:17,1
DA:18,1
DA:20,0
DA:28,2
DA:29,1
DA:33,2
DA:34,3
DA:35,3
DA:36,1
DA:37,1
DA:39,2
DA:45,2
DA:46,0
DA:48,0
DA:49,0
DA:50,0
DA:52,0
DA:58,2
DA:59,0
DA:60,0
DA:61,0
DA:62,0
DA:64,0
DA:69,2
DA:73,3
DA:74,3
DA:75,4
DA:77,3
DA:78,1
DA:81,2
DA:83,2
DA:84,3
DA:85,2
DA:86,1
DA:90,1
DA:95,2
DA:96,1
DA:97,1
DA:98,1
DA:99,1
DA:101,0
DA:107,2
DA:114,1
DA:115,0
DA:117,1
DA:121,2
DA:126,1
DA:127,1
DA:129,1
DA:130,1
DA:133,0
DA:138,2
DA:139,0
DA:140,0
DA:141,0
DA:142,0
DA:144,0
DA:151,2
DA:152,0
DA:153,0
DA:154,0
DA:155,0
DA:158,0
DA:159,0
DA:162,0
DA:166,2
LF:78
LH:52
BRDA:77,0,0,1
BRDA:77,0,1,2
BRDA:114,1,0,0
BRDA:114,1,1,1
BRDA:154,2,0,0
BRDA:154,2,1,0
BRDA:154,3,0,0
BRDA:154,3,1,0
BRF:8
BRH:3
end_of_record
TN:
SF:tests\fixtures\db.js
FN:54,(anonymous_0)
FNF:1
FNH:1
FNDA:16,(anonymous_0)
DA:2,2
DA:3,2
DA:4,2
DA:5,2
DA:9,2
DA:10,2
DA:20,2
DA:21,2
DA:32,2
DA:39,2
DA:46,2
DA:54,2
DA:56,16
DA:57,16
DA:60,16
DA:61,16
DA:62,16
DA:63,16
DA:64,16
DA:67,2
LF:20
LH:20
BRF:0
BRH:0
end_of_record
